LOCAL_RANK: 0 - CUDA_VISIBLE_DEVICES: [0]

  | Name    | Type    | Params | Mode
--------------------------------------------
0 | encode  | LTC     | 5.4 K  | train
1 | decode  | LTCCell | 7.8 K  | train
2 | outproj | Linear  | 17     | train
3 | loss_fn | MSELoss | 0      | train
--------------------------------------------
10.7 K    Trainable params
2.6 K     Non-trainable params
13.3 K    Total params
0.053     Total estimated model params size (MB)
9         Modules in train mode
0         Modules in eval mode
Epoch 4:  91%|█████████ | 41/45 [00:10<00:01,  3.91it/s, v_num=2m10, train_loss=0.457, val_loss=0.617]
                                                                        
Metric val_loss improved. New best score: 1.006
Metric val_loss improved by 0.004 >= min_delta = 0.0. New best score: 1.002
Metric val_loss improved by 0.372 >= min_delta = 0.0. New best score: 0.630
Metric val_loss improved by 0.013 >= min_delta = 0.0. New best score: 0.617
Traceback (most recent call last):
  File "/home/nicola/Unisa Magistrale/1 Anno/2 semestre/Fondamenti di Machine Learning & Data science/Progetto/Liquied/venv/lib/python3.10/site-packages/pytorch_lightning/trainer/call.py", line 47, in _call_and_handle_interrupt
    return trainer_fn(*args, **kwargs)
  File "/home/nicola/Unisa Magistrale/1 Anno/2 semestre/Fondamenti di Machine Learning & Data science/Progetto/Liquied/venv/lib/python3.10/site-packages/pytorch_lightning/trainer/trainer.py", line 574, in _fit_impl
    self._run(model, ckpt_path=ckpt_path)
  File "/home/nicola/Unisa Magistrale/1 Anno/2 semestre/Fondamenti di Machine Learning & Data science/Progetto/Liquied/venv/lib/python3.10/site-packages/pytorch_lightning/trainer/trainer.py", line 981, in _run
    results = self._run_stage()
  File "/home/nicola/Unisa Magistrale/1 Anno/2 semestre/Fondamenti di Machine Learning & Data science/Progetto/Liquied/venv/lib/python3.10/site-packages/pytorch_lightning/trainer/trainer.py", line 1025, in _run_stage
    self.fit_loop.run()
  File "/home/nicola/Unisa Magistrale/1 Anno/2 semestre/Fondamenti di Machine Learning & Data science/Progetto/Liquied/venv/lib/python3.10/site-packages/pytorch_lightning/loops/fit_loop.py", line 205, in run
    self.advance()
  File "/home/nicola/Unisa Magistrale/1 Anno/2 semestre/Fondamenti di Machine Learning & Data science/Progetto/Liquied/venv/lib/python3.10/site-packages/pytorch_lightning/loops/fit_loop.py", line 363, in advance
    self.epoch_loop.run(self._data_fetcher)
  File "/home/nicola/Unisa Magistrale/1 Anno/2 semestre/Fondamenti di Machine Learning & Data science/Progetto/Liquied/venv/lib/python3.10/site-packages/pytorch_lightning/loops/training_epoch_loop.py", line 140, in run
    self.advance(data_fetcher)
  File "/home/nicola/Unisa Magistrale/1 Anno/2 semestre/Fondamenti di Machine Learning & Data science/Progetto/Liquied/venv/lib/python3.10/site-packages/pytorch_lightning/loops/training_epoch_loop.py", line 250, in advance
    batch_output = self.automatic_optimization.run(trainer.optimizers[0], batch_idx, kwargs)
  File "/home/nicola/Unisa Magistrale/1 Anno/2 semestre/Fondamenti di Machine Learning & Data science/Progetto/Liquied/venv/lib/python3.10/site-packages/pytorch_lightning/loops/optimization/automatic.py", line 190, in run
    self._optimizer_step(batch_idx, closure)
  File "/home/nicola/Unisa Magistrale/1 Anno/2 semestre/Fondamenti di Machine Learning & Data science/Progetto/Liquied/venv/lib/python3.10/site-packages/pytorch_lightning/loops/optimization/automatic.py", line 268, in _optimizer_step
    call._call_lightning_module_hook(
  File "/home/nicola/Unisa Magistrale/1 Anno/2 semestre/Fondamenti di Machine Learning & Data science/Progetto/Liquied/venv/lib/python3.10/site-packages/pytorch_lightning/trainer/call.py", line 167, in _call_lightning_module_hook
    output = fn(*args, **kwargs)
  File "/home/nicola/Unisa Magistrale/1 Anno/2 semestre/Fondamenti di Machine Learning & Data science/Progetto/Liquied/venv/lib/python3.10/site-packages/pytorch_lightning/core/module.py", line 1306, in optimizer_step
    optimizer.step(closure=optimizer_closure)
  File "/home/nicola/Unisa Magistrale/1 Anno/2 semestre/Fondamenti di Machine Learning & Data science/Progetto/Liquied/venv/lib/python3.10/site-packages/pytorch_lightning/core/optimizer.py", line 153, in step
    step_output = self._strategy.optimizer_step(self._optimizer, closure, **kwargs)
  File "/home/nicola/Unisa Magistrale/1 Anno/2 semestre/Fondamenti di Machine Learning & Data science/Progetto/Liquied/venv/lib/python3.10/site-packages/pytorch_lightning/strategies/strategy.py", line 238, in optimizer_step
    return self.precision_plugin.optimizer_step(optimizer, model=model, closure=closure, **kwargs)
  File "/home/nicola/Unisa Magistrale/1 Anno/2 semestre/Fondamenti di Machine Learning & Data science/Progetto/Liquied/venv/lib/python3.10/site-packages/pytorch_lightning/plugins/precision/precision.py", line 122, in optimizer_step
    return optimizer.step(closure=closure, **kwargs)
  File "/home/nicola/Unisa Magistrale/1 Anno/2 semestre/Fondamenti di Machine Learning & Data science/Progetto/Liquied/venv/lib/python3.10/site-packages/torch/optim/optimizer.py", line 484, in wrapper
    out = func(*args, **kwargs)
  File "/home/nicola/Unisa Magistrale/1 Anno/2 semestre/Fondamenti di Machine Learning & Data science/Progetto/Liquied/venv/lib/python3.10/site-packages/torch/optim/optimizer.py", line 89, in _use_grad
    ret = func(self, *args, **kwargs)
  File "/home/nicola/Unisa Magistrale/1 Anno/2 semestre/Fondamenti di Machine Learning & Data science/Progetto/Liquied/venv/lib/python3.10/site-packages/torch/optim/adamw.py", line 204, in step
    loss = closure()
  File "/home/nicola/Unisa Magistrale/1 Anno/2 semestre/Fondamenti di Machine Learning & Data science/Progetto/Liquied/venv/lib/python3.10/site-packages/pytorch_lightning/plugins/precision/precision.py", line 108, in _wrap_closure
    closure_result = closure()
  File "/home/nicola/Unisa Magistrale/1 Anno/2 semestre/Fondamenti di Machine Learning & Data science/Progetto/Liquied/venv/lib/python3.10/site-packages/pytorch_lightning/loops/optimization/automatic.py", line 144, in __call__
    self._result = self.closure(*args, **kwargs)
  File "/home/nicola/Unisa Magistrale/1 Anno/2 semestre/Fondamenti di Machine Learning & Data science/Progetto/Liquied/venv/lib/python3.10/site-packages/torch/utils/_contextlib.py", line 116, in decorate_context
    return func(*args, **kwargs)
  File "/home/nicola/Unisa Magistrale/1 Anno/2 semestre/Fondamenti di Machine Learning & Data science/Progetto/Liquied/venv/lib/python3.10/site-packages/pytorch_lightning/loops/optimization/automatic.py", line 138, in closure
    self._backward_fn(step_output.closure_loss)
  File "/home/nicola/Unisa Magistrale/1 Anno/2 semestre/Fondamenti di Machine Learning & Data science/Progetto/Liquied/venv/lib/python3.10/site-packages/pytorch_lightning/loops/optimization/automatic.py", line 239, in backward_fn
    call._call_strategy_hook(self.trainer, "backward", loss, optimizer)
  File "/home/nicola/Unisa Magistrale/1 Anno/2 semestre/Fondamenti di Machine Learning & Data science/Progetto/Liquied/venv/lib/python3.10/site-packages/pytorch_lightning/trainer/call.py", line 319, in _call_strategy_hook
    output = fn(*args, **kwargs)
  File "/home/nicola/Unisa Magistrale/1 Anno/2 semestre/Fondamenti di Machine Learning & Data science/Progetto/Liquied/venv/lib/python3.10/site-packages/pytorch_lightning/strategies/strategy.py", line 212, in backward
    self.precision_plugin.backward(closure_loss, self.lightning_module, optimizer, *args, **kwargs)
  File "/home/nicola/Unisa Magistrale/1 Anno/2 semestre/Fondamenti di Machine Learning & Data science/Progetto/Liquied/venv/lib/python3.10/site-packages/pytorch_lightning/plugins/precision/precision.py", line 72, in backward
    model.backward(tensor, *args, **kwargs)
  File "/home/nicola/Unisa Magistrale/1 Anno/2 semestre/Fondamenti di Machine Learning & Data science/Progetto/Liquied/venv/lib/python3.10/site-packages/pytorch_lightning/core/module.py", line 1101, in backward
    loss.backward(*args, **kwargs)
  File "/home/nicola/Unisa Magistrale/1 Anno/2 semestre/Fondamenti di Machine Learning & Data science/Progetto/Liquied/venv/lib/python3.10/site-packages/torch/_tensor.py", line 521, in backward
    torch.autograd.backward(
  File "/home/nicola/Unisa Magistrale/1 Anno/2 semestre/Fondamenti di Machine Learning & Data science/Progetto/Liquied/venv/lib/python3.10/site-packages/torch/autograd/__init__.py", line 289, in backward
    _engine_run_backward(
  File "/home/nicola/Unisa Magistrale/1 Anno/2 semestre/Fondamenti di Machine Learning & Data science/Progetto/Liquied/venv/lib/python3.10/site-packages/torch/autograd/graph.py", line 769, in _engine_run_backward
    return Variable._execution_engine.run_backward(  # Calls into the C++ engine to run the backward pass
RuntimeError: CUDA error: unspecified launch failure
CUDA kernel errors might be asynchronously reported at some other API call, so the stacktrace below might be incorrect.
For debugging consider passing CUDA_LAUNCH_BLOCKING=1
Compile with `TORCH_USE_CUDA_DSA` to enable device-side assertions.


During handling of the above exception, another exception occurred:

Traceback (most recent call last):
  File "/home/nicola/Unisa Magistrale/1 Anno/2 semestre/Fondamenti di Machine Learning & Data science/Progetto/Liquied/main.py", line 16, in <module>
    main()
  File "/home/nicola/Unisa Magistrale/1 Anno/2 semestre/Fondamenti di Machine Learning & Data science/Progetto/Liquied/main.py", line 9, in main
    trn.train()
  File "/home/nicola/Unisa Magistrale/1 Anno/2 semestre/Fondamenti di Machine Learning & Data science/Progetto/Liquied/Train/Train.py", line 31, in train
    trainer.fit(models, dataset)
  File "/home/nicola/Unisa Magistrale/1 Anno/2 semestre/Fondamenti di Machine Learning & Data science/Progetto/Liquied/venv/lib/python3.10/site-packages/pytorch_lightning/trainer/trainer.py", line 538, in fit
    call._call_and_handle_interrupt(
  File "/home/nicola/Unisa Magistrale/1 Anno/2 semestre/Fondamenti di Machine Learning & Data science/Progetto/Liquied/venv/lib/python3.10/site-packages/pytorch_lightning/trainer/call.py", line 68, in _call_and_handle_interrupt
    trainer._teardown()
  File "/home/nicola/Unisa Magistrale/1 Anno/2 semestre/Fondamenti di Machine Learning & Data science/Progetto/Liquied/venv/lib/python3.10/site-packages/pytorch_lightning/trainer/trainer.py", line 1004, in _teardown
    self.strategy.teardown()
  File "/home/nicola/Unisa Magistrale/1 Anno/2 semestre/Fondamenti di Machine Learning & Data science/Progetto/Liquied/venv/lib/python3.10/site-packages/pytorch_lightning/strategies/strategy.py", line 531, in teardown
    _optimizers_to_device(self.optimizers, torch.device("cpu"))
  File "/home/nicola/Unisa Magistrale/1 Anno/2 semestre/Fondamenti di Machine Learning & Data science/Progetto/Liquied/venv/lib/python3.10/site-packages/lightning_fabric/utilities/optimizer.py", line 28, in _optimizers_to_device
    _optimizer_to_device(opt, device)
  File "/home/nicola/Unisa Magistrale/1 Anno/2 semestre/Fondamenti di Machine Learning & Data science/Progetto/Liquied/venv/lib/python3.10/site-packages/lightning_fabric/utilities/optimizer.py", line 42, in _optimizer_to_device
    v[key] = move_data_to_device(val, device)
  File "/home/nicola/Unisa Magistrale/1 Anno/2 semestre/Fondamenti di Machine Learning & Data science/Progetto/Liquied/venv/lib/python3.10/site-packages/lightning_fabric/utilities/apply_func.py", line 110, in move_data_to_device
    return apply_to_collection(batch, dtype=_TransferableDataType, function=batch_to)
  File "/home/nicola/Unisa Magistrale/1 Anno/2 semestre/Fondamenti di Machine Learning & Data science/Progetto/Liquied/venv/lib/python3.10/site-packages/lightning_utilities/core/apply_func.py", line 64, in apply_to_collection
    return function(data, *args, **kwargs)
  File "/home/nicola/Unisa Magistrale/1 Anno/2 semestre/Fondamenti di Machine Learning & Data science/Progetto/Liquied/venv/lib/python3.10/site-packages/lightning_fabric/utilities/apply_func.py", line 104, in batch_to
    data_output = data.to(device, **kwargs)
RuntimeError: CUDA error: unspecified launch failure
CUDA kernel errors might be asynchronously reported at some other API call, so the stacktrace below might be incorrect.
For debugging consider passing CUDA_LAUNCH_BLOCKING=1
Compile with `TORCH_USE_CUDA_DSA` to enable device-side assertions.
